Build started 12-13-2015 19:14:48.
     1>Project "c:\Users\Ghost\documents\visual studio 2013\Projects\CUDA-Parallel-MC\CUDA-Parallel-MC\CUDA-Parallel-MC.vcxproj" on node 2 (Build target(s)).
     1>AddCudaCompileDeps:
         C:\Program Files (x86)\Microsoft Visual Studio 12.0\VC\bin\cl.exe /E /nologo /showIncludes /TP /D__CUDACC__ /DWIN32 /D_DEBUG /D_CONSOLE /D_MBCS /I"C:\Program Files\NVIDIA GPU Computing Toolkit\CUDA\v7.5\include" /I"C:\Program Files\NVIDIA GPU Computing Toolkit\CUDA\v7.5\bin" /I"C:\Program Files\NVIDIA GPU Computing Toolkit\CUDA\v7.5\include" /I. /FIcuda_runtime.h /c "c:\Users\Ghost\documents\visual studio 2013\Projects\CUDA-Parallel-MC\CUDA-Parallel-MC\kernel.cu" 
       CudaBuild:
         Compiling CUDA source file kernel.cu...
         cmd.exe /C "C:\Users\Ghost\AppData\Local\Temp\tmp0f0bee07f4b1413bbc2baeda15394f72.cmd"
         "C:\Program Files\NVIDIA GPU Computing Toolkit\CUDA\v7.5\bin\nvcc.exe" -gencode=arch=compute_20,code=\"sm_20,compute_20\" --use-local-env --cl-version 2013 -ccbin "C:\Program Files (x86)\Microsoft Visual Studio 12.0\VC\bin"  -I"C:\Program Files\NVIDIA GPU Computing Toolkit\CUDA\v7.5\include" -I"C:\Program Files\NVIDIA GPU Computing Toolkit\CUDA\v7.5\include"  -G   --keep-dir Debug -maxrregcount=0  --machine 32 --compile -cudart static  -g   -DWIN32 -D_DEBUG -D_CONSOLE -D_MBCS -Xcompiler "/EHsc /W3 /nologo /Od /Zi /RTC1 /MDd " -o Debug\kernel.cu.obj "c:\Users\Ghost\documents\visual studio 2013\Projects\CUDA-Parallel-MC\CUDA-Parallel-MC\kernel.cu"
         
         c:\Users\Ghost\documents\visual studio 2013\Projects\CUDA-Parallel-MC\CUDA-Parallel-MC>"C:\Program Files\NVIDIA GPU Computing Toolkit\CUDA\v7.5\bin\nvcc.exe" -gencode=arch=compute_20,code=\"sm_20,compute_20\" --use-local-env --cl-version 2013 -ccbin "C:\Program Files (x86)\Microsoft Visual Studio 12.0\VC\bin"  -I"C:\Program Files\NVIDIA GPU Computing Toolkit\CUDA\v7.5\include" -I"C:\Program Files\NVIDIA GPU Computing Toolkit\CUDA\v7.5\include"  -G   --keep-dir Debug -maxrregcount=0  --machine 32 --compile -cudart static  -g   -DWIN32 -D_DEBUG -D_CONSOLE -D_MBCS -Xcompiler "/EHsc /W3 /nologo /Od /Zi /RTC1 /MDd " -o Debug\kernel.cu.obj "c:\Users\Ghost\documents\visual studio 2013\Projects\CUDA-Parallel-MC\CUDA-Parallel-MC\kernel.cu" 
     1>c:/Users/Ghost/documents/visual studio 2013/Projects/CUDA-Parallel-MC/CUDA-Parallel-MC/kernel.cu(368): warning : variable "nl" was set but never used
     1>c:/Users/Ghost/documents/visual studio 2013/Projects/CUDA-Parallel-MC/CUDA-Parallel-MC/kernel.cu(368): warning : variable "nl" was set but never used
         kernel.cu
       Link:
         C:\Program Files (x86)\Microsoft Visual Studio 12.0\VC\bin\link.exe /ERRORREPORT:PROMPT /OUT:"c:\users\ghost\documents\visual studio 2013\Projects\CUDA-Parallel-MC\Debug\CUDA-Parallel-MC.exe" /INCREMENTAL /NOLOGO /LIBPATH:"C:\Program Files\NVIDIA GPU Computing Toolkit\CUDA\v7.5\lib\Win32" cudart.lib kernel32.lib user32.lib gdi32.lib winspool.lib comdlg32.lib advapi32.lib shell32.lib ole32.lib oleaut32.lib uuid.lib odbc32.lib odbccp32.lib kernel32.lib user32.lib gdi32.lib winspool.lib comdlg32.lib advapi32.lib shell32.lib ole32.lib oleaut32.lib uuid.lib odbc32.lib odbccp32.lib /MANIFEST /MANIFESTUAC:"level='asInvoker' uiAccess='false'" /manifest:embed /DEBUG /PDB:"c:\users\ghost\documents\visual studio 2013\Projects\CUDA-Parallel-MC\Debug\CUDA-Parallel-MC.pdb" /SUBSYSTEM:CONSOLE /TLBID:1 /DYNAMICBASE /NXCOMPAT /IMPLIB:"c:\users\ghost\documents\visual studio 2013\Projects\CUDA-Parallel-MC\Debug\CUDA-Parallel-MC.lib" /MACHINE:X86 Debug\kernel.cu.obj
         CUDA-Parallel-MC.vcxproj -> c:\users\ghost\documents\visual studio 2013\Projects\CUDA-Parallel-MC\Debug\CUDA-Parallel-MC.exe
       PostBuildEvent:
         echo copy "C:\Program Files\NVIDIA GPU Computing Toolkit\CUDA\v7.5\bin\cudart*.dll" "c:\users\ghost\documents\visual studio 2013\Projects\CUDA-Parallel-MC\Debug\"
         copy "C:\Program Files\NVIDIA GPU Computing Toolkit\CUDA\v7.5\bin\cudart*.dll" "c:\users\ghost\documents\visual studio 2013\Projects\CUDA-Parallel-MC\Debug\"
         :VCEnd
         copy "C:\Program Files\NVIDIA GPU Computing Toolkit\CUDA\v7.5\bin\cudart*.dll" "c:\users\ghost\documents\visual studio 2013\Projects\CUDA-Parallel-MC\Debug\"
         C:\Program Files\NVIDIA GPU Computing Toolkit\CUDA\v7.5\bin\cudart32_75.dll
         C:\Program Files\NVIDIA GPU Computing Toolkit\CUDA\v7.5\bin\cudart64_75.dll
                 2 file(s) copied.
     1>Done Building Project "c:\Users\Ghost\documents\visual studio 2013\Projects\CUDA-Parallel-MC\CUDA-Parallel-MC\CUDA-Parallel-MC.vcxproj" (Build target(s)).

Build succeeded.

Time Elapsed 00:00:06.62
